2019-11-14 20:19:52 INFO  LogLog4j:41 - -- @BeforeSuite-- initTestSuite() was started
2019-11-14 20:19:52 INFO  LogLog4j:41 - -- @BeforeMethod-- initWebDriver() was started
2019-11-14 20:19:52 INFO  LogLog4j:41 - - driver was defined
2019-11-14 20:20:03 INFO  LogLog4j:41 - - System was opened by url - https://mishpahug.co.il/
2019-11-14 20:20:11 INFO  LogLog4j:41 - - Open browser, fullscreen
2019-11-14 20:20:13 INFO  LogLog4j:41 - - IntoPage was initialized
2019-11-14 20:20:13 INFO  LogLog4j:41 - - IntroPage: --waitUntilPageLoaded() was started
2019-11-14 20:20:14 INFO  LogLog4j:41 - - IntroPage: -- closeIntroPage() (close by X button) was started
2019-11-14 20:20:14 INFO  LogLog4j:41 - -- HomePageTests - @BeforeMethod - initTests() was started
2019-11-14 20:20:14 INFO  LogLog4j:41 - --- HomePage was loaded--
2019-11-14 20:20:14 INFO  LogLog4j:41 - -- HomePageHelper: waitUntilPageIsLoaded() was started
2019-11-14 20:20:14 INFO  LogLog4j:41 - -- Wait until loginIcon element is clickable
2019-11-14 20:20:15 INFO  LogLog4j:41 - -- Wait until all events are visible
2019-11-14 20:20:17 INFO  LogLog4j:15 - 
2019-11-14 20:20:17 INFO  LogLog4j:16 - 
2019-11-14 20:20:17 INFO  LogLog4j:17 - *******************************************************************
2019-11-14 20:20:17 INFO  LogLog4j:18 -                    Test Case: homePageVerificationTest()
2019-11-14 20:20:17 INFO  LogLog4j:19 - *******************************************************************
2019-11-14 20:20:17 INFO  LogLog4j:41 - -- Assert - Verification that name of the listEvent element is 'List events'
2019-11-14 20:20:17 INFO  LogLog4j:41 - -- @AfterMethod-- tearDown() was started
2019-11-14 20:20:19 INFO  LogLog4j:41 - -- @BeforeMethod-- initWebDriver() was started
2019-11-14 20:20:19 INFO  LogLog4j:41 - - driver was defined
2019-11-14 20:20:22 INFO  LogLog4j:41 - - System was opened by url - https://mishpahug.co.il/
2019-11-14 20:20:43 INFO  LogLog4j:41 - - Open browser, fullscreen
2019-11-14 20:20:44 INFO  LogLog4j:41 - - IntoPage was initialized
2019-11-14 20:20:44 INFO  LogLog4j:41 - - IntroPage: --waitUntilPageLoaded() was started
2019-11-14 20:20:45 INFO  LogLog4j:41 - - IntroPage: -- closeIntroPage() (close by X button) was started
2019-11-14 20:20:45 INFO  LogLog4j:41 - -- HomePageTests - @BeforeMethod - initTests() was started
2019-11-14 20:20:45 INFO  LogLog4j:41 - --- HomePage was loaded--
2019-11-14 20:20:45 INFO  LogLog4j:41 - -- HomePageHelper: waitUntilPageIsLoaded() was started
2019-11-14 20:20:45 INFO  LogLog4j:41 - -- Wait until loginIcon element is clickable
2019-11-14 20:20:45 INFO  LogLog4j:41 - -- Wait until all events are visible
2019-11-14 20:20:46 INFO  LogLog4j:15 - 
2019-11-14 20:20:46 INFO  LogLog4j:16 - 
2019-11-14 20:20:46 INFO  LogLog4j:17 - *******************************************************************
2019-11-14 20:20:46 INFO  LogLog4j:18 -                    Test Case: singleFilterHolidaysBy, TestData: holiday - Other
2019-11-14 20:20:46 INFO  LogLog4j:19 - *******************************************************************
2019-11-14 20:20:46 INFO  LogLog4j:41 - -- HomePageHelper: filterEventsByHoliday(Other) was started
2019-11-14 20:20:46 INFO  LogLog4j:41 - -- To wait that select-element (filter by holiday) and all options are loaded 
2019-11-14 20:20:47 INFO  LogLog4j:41 - -- Choose filter by holiday Other
2019-11-14 20:20:47 INFO  LogLog4j:41 - -- To wait that clearFilterButton element is clickable
2019-11-14 20:20:48 INFO  LogLog4j:41 - ------ To wait that filter by holiday Otheris chosen -----
2019-11-14 20:20:48 INFO  LogLog4j:41 - -- To wait that all events are loaded ---
2019-11-14 20:20:49 INFO  LogLog4j:41 - -- HomePageHelper: allEventsBelongToHoliday() was started for holiday-Other
2019-11-14 20:20:49 INFO  LogLog4j:41 - -- @AfterMethod-- tearDown() was started
2019-11-14 20:20:51 INFO  LogLog4j:41 - -- @BeforeMethod-- initWebDriver() was started
2019-11-14 20:20:51 INFO  LogLog4j:41 - - driver was defined
2019-11-14 20:20:54 INFO  LogLog4j:41 - - System was opened by url - https://mishpahug.co.il/
2019-11-14 20:21:17 INFO  LogLog4j:41 - - Open browser, fullscreen
2019-11-14 20:21:18 INFO  LogLog4j:41 - - IntoPage was initialized
2019-11-14 20:21:18 INFO  LogLog4j:41 - - IntroPage: --waitUntilPageLoaded() was started
2019-11-14 20:21:19 INFO  LogLog4j:41 - - IntroPage: -- closeIntroPage() (close by X button) was started
2019-11-14 20:21:19 INFO  LogLog4j:41 - -- HomePageTests - @BeforeMethod - initTests() was started
2019-11-14 20:21:19 INFO  LogLog4j:41 - --- HomePage was loaded--
2019-11-14 20:21:19 INFO  LogLog4j:41 - -- HomePageHelper: waitUntilPageIsLoaded() was started
2019-11-14 20:21:19 INFO  LogLog4j:41 - -- Wait until loginIcon element is clickable
2019-11-14 20:21:19 INFO  LogLog4j:41 - -- Wait until all events are visible
2019-11-14 20:21:20 INFO  LogLog4j:15 - 
2019-11-14 20:21:20 INFO  LogLog4j:16 - 
2019-11-14 20:21:20 INFO  LogLog4j:17 - *******************************************************************
2019-11-14 20:21:20 INFO  LogLog4j:18 -                    Test Case: singleFilterHolidaysBy, TestData: holiday - Shabbat
2019-11-14 20:21:20 INFO  LogLog4j:19 - *******************************************************************
2019-11-14 20:21:20 INFO  LogLog4j:41 - -- HomePageHelper: filterEventsByHoliday(Shabbat) was started
2019-11-14 20:21:20 INFO  LogLog4j:41 - -- To wait that select-element (filter by holiday) and all options are loaded 
2019-11-14 20:21:21 INFO  LogLog4j:41 - -- Choose filter by holiday Shabbat
2019-11-14 20:21:21 INFO  LogLog4j:41 - -- To wait that clearFilterButton element is clickable
2019-11-14 20:21:22 INFO  LogLog4j:41 - ------ To wait that filter by holiday Shabbatis chosen -----
2019-11-14 20:21:22 INFO  LogLog4j:41 - -- To wait that all events are loaded ---
2019-11-14 20:21:23 INFO  LogLog4j:41 - -- HomePageHelper: allEventsBelongToHoliday() was started for holiday-Shabbat
2019-11-14 20:21:24 INFO  LogLog4j:41 - -- @AfterMethod-- tearDown() was started
2019-11-14 20:21:25 INFO  LogLog4j:41 - -- @BeforeMethod-- initWebDriver() was started
2019-11-14 20:21:25 INFO  LogLog4j:41 - - driver was defined
2019-11-14 20:21:29 INFO  LogLog4j:41 - - System was opened by url - https://mishpahug.co.il/
2019-11-14 20:21:47 INFO  LogLog4j:41 - - Open browser, fullscreen
2019-11-14 20:21:48 INFO  LogLog4j:41 - - IntoPage was initialized
2019-11-14 20:21:48 INFO  LogLog4j:41 - - IntroPage: --waitUntilPageLoaded() was started
2019-11-14 20:21:48 INFO  LogLog4j:41 - - IntroPage: -- closeIntroPage() (close by X button) was started
2019-11-14 20:21:49 INFO  LogLog4j:41 - -- HomePageTests - @BeforeMethod - initTests() was started
2019-11-14 20:21:49 INFO  LogLog4j:41 - --- HomePage was loaded--
2019-11-14 20:21:49 INFO  LogLog4j:41 - -- HomePageHelper: waitUntilPageIsLoaded() was started
2019-11-14 20:21:49 INFO  LogLog4j:41 - -- Wait until loginIcon element is clickable
2019-11-14 20:21:49 INFO  LogLog4j:41 - -- Wait until all events are visible
2019-11-14 20:21:50 INFO  LogLog4j:15 - 
2019-11-14 20:21:50 INFO  LogLog4j:16 - 
2019-11-14 20:21:50 INFO  LogLog4j:17 - *******************************************************************
2019-11-14 20:21:50 INFO  LogLog4j:18 -                    Test Case: singleFilterHolidaysBy, TestData: holiday - Purim
2019-11-14 20:21:50 INFO  LogLog4j:19 - *******************************************************************
2019-11-14 20:21:50 INFO  LogLog4j:41 - -- HomePageHelper: filterEventsByHoliday(Purim) was started
2019-11-14 20:21:50 INFO  LogLog4j:41 - -- To wait that select-element (filter by holiday) and all options are loaded 
2019-11-14 20:21:50 INFO  LogLog4j:41 - -- Choose filter by holiday Purim
2019-11-14 20:21:51 INFO  LogLog4j:41 - -- To wait that clearFilterButton element is clickable
2019-11-14 20:21:51 INFO  LogLog4j:41 - ------ To wait that filter by holiday Purimis chosen -----
2019-11-14 20:21:52 INFO  LogLog4j:41 - -- To wait that all events are loaded ---
2019-11-14 20:21:52 INFO  LogLog4j:41 - -- HomePageHelper: allEventsBelongToHoliday() was started for holiday-Purim
2019-11-14 20:21:52 INFO  LogLog4j:41 - -- @AfterMethod-- tearDown() was started
2019-11-14 20:21:54 INFO  LogLog4j:41 - -- @BeforeMethod-- initWebDriver() was started
2019-11-14 20:21:54 INFO  LogLog4j:41 - - driver was defined
2019-11-14 20:21:57 INFO  LogLog4j:41 - - System was opened by url - https://mishpahug.co.il/
2019-11-14 20:22:21 INFO  LogLog4j:41 - - Open browser, fullscreen
2019-11-14 20:22:22 INFO  LogLog4j:41 - - IntoPage was initialized
2019-11-14 20:22:22 INFO  LogLog4j:41 - - IntroPage: --waitUntilPageLoaded() was started
2019-11-14 20:22:22 INFO  LogLog4j:41 - - IntroPage: -- closeIntroPage() (close by X button) was started
2019-11-14 20:22:23 INFO  LogLog4j:41 - -- HomePageTests - @BeforeMethod - initTests() was started
2019-11-14 20:22:23 INFO  LogLog4j:41 - --- HomePage was loaded--
2019-11-14 20:22:23 INFO  LogLog4j:41 - -- HomePageHelper: waitUntilPageIsLoaded() was started
2019-11-14 20:22:23 INFO  LogLog4j:41 - -- Wait until loginIcon element is clickable
2019-11-14 20:22:23 INFO  LogLog4j:41 - -- Wait until all events are visible
2019-11-14 20:22:24 INFO  LogLog4j:15 - 
2019-11-14 20:22:24 INFO  LogLog4j:16 - 
2019-11-14 20:22:24 INFO  LogLog4j:17 - *******************************************************************
2019-11-14 20:22:24 INFO  LogLog4j:18 -                    Test Case: singleFilterHolidaysBy, TestData: holiday - Pesach
2019-11-14 20:22:24 INFO  LogLog4j:19 - *******************************************************************
2019-11-14 20:22:24 INFO  LogLog4j:41 - -- HomePageHelper: filterEventsByHoliday(Pesach) was started
2019-11-14 20:22:24 INFO  LogLog4j:41 - -- To wait that select-element (filter by holiday) and all options are loaded 
2019-11-14 20:22:24 INFO  LogLog4j:41 - -- Choose filter by holiday Pesach
2019-11-14 20:22:25 INFO  LogLog4j:41 - -- To wait that clearFilterButton element is clickable
2019-11-14 20:22:25 INFO  LogLog4j:41 - ------ To wait that filter by holiday Pesachis chosen -----
2019-11-14 20:22:26 INFO  LogLog4j:41 - -- To wait that all events are loaded ---
2019-11-14 20:22:26 INFO  LogLog4j:41 - -- HomePageHelper: allEventsBelongToHoliday() was started for holiday-Pesach
2019-11-14 20:22:26 INFO  LogLog4j:41 - -- @AfterMethod-- tearDown() was started
2019-11-14 20:22:27 INFO  LogLog4j:41 - -- @BeforeMethod-- initWebDriver() was started
2019-11-14 20:22:27 INFO  LogLog4j:41 - - driver was defined
2019-11-14 20:22:31 INFO  LogLog4j:41 - - System was opened by url - https://mishpahug.co.il/
2019-11-14 20:22:41 INFO  LogLog4j:41 - - Open browser, fullscreen
2019-11-14 20:22:42 INFO  LogLog4j:41 - - IntoPage was initialized
2019-11-14 20:22:42 INFO  LogLog4j:41 - - IntroPage: --waitUntilPageLoaded() was started
2019-11-14 20:22:43 INFO  LogLog4j:41 - - IntroPage: -- closeIntroPage() (close by X button) was started
2019-11-14 20:22:43 INFO  LogLog4j:41 - -- HomePageTests - @BeforeMethod - initTests() was started
2019-11-14 20:22:43 INFO  LogLog4j:41 - --- HomePage was loaded--
2019-11-14 20:22:43 INFO  LogLog4j:41 - -- HomePageHelper: waitUntilPageIsLoaded() was started
2019-11-14 20:22:43 INFO  LogLog4j:41 - -- Wait until loginIcon element is clickable
2019-11-14 20:22:43 INFO  LogLog4j:41 - -- Wait until all events are visible
2019-11-14 20:22:45 INFO  LogLog4j:15 - 
2019-11-14 20:22:45 INFO  LogLog4j:16 - 
2019-11-14 20:22:45 INFO  LogLog4j:17 - *******************************************************************
2019-11-14 20:22:45 INFO  LogLog4j:18 -                    Test Case: singleFilterHolidaysBy, TestData: holiday - Circumcision
2019-11-14 20:22:45 INFO  LogLog4j:19 - *******************************************************************
2019-11-14 20:22:45 INFO  LogLog4j:41 - -- HomePageHelper: filterEventsByHoliday(Circumcision) was started
2019-11-14 20:22:45 INFO  LogLog4j:41 - -- To wait that select-element (filter by holiday) and all options are loaded 
2019-11-14 20:22:45 INFO  LogLog4j:41 - -- Choose filter by holiday Circumcision
2019-11-14 20:22:46 INFO  LogLog4j:41 - -- To wait that clearFilterButton element is clickable
2019-11-14 20:22:46 INFO  LogLog4j:41 - ------ To wait that filter by holiday Circumcisionis chosen -----
2019-11-14 20:22:46 INFO  LogLog4j:41 - -- To wait that all events are loaded ---
2019-11-14 20:22:47 INFO  LogLog4j:41 - -- HomePageHelper: allEventsBelongToHoliday() was started for holiday-Circumcision
2019-11-14 20:22:47 INFO  LogLog4j:41 - -- @AfterMethod-- tearDown() was started
2019-11-14 20:22:48 INFO  LogLog4j:41 - -- @BeforeMethod-- initWebDriver() was started
2019-11-14 20:22:48 INFO  LogLog4j:41 - - driver was defined
2019-11-14 20:22:52 INFO  LogLog4j:41 - - System was opened by url - https://mishpahug.co.il/
2019-11-14 20:23:00 INFO  LogLog4j:41 - - Open browser, fullscreen
2019-11-14 20:23:01 INFO  LogLog4j:41 - - IntoPage was initialized
2019-11-14 20:23:01 INFO  LogLog4j:41 - - IntroPage: --waitUntilPageLoaded() was started
2019-11-14 20:23:02 INFO  LogLog4j:41 - - IntroPage: -- closeIntroPage() (close by X button) was started
2019-11-14 20:23:03 INFO  LogLog4j:41 - -- HomePageTests - @BeforeMethod - initTests() was started
2019-11-14 20:23:03 INFO  LogLog4j:41 - --- HomePage was loaded--
2019-11-14 20:23:03 INFO  LogLog4j:41 - -- HomePageHelper: waitUntilPageIsLoaded() was started
2019-11-14 20:23:03 INFO  LogLog4j:41 - -- Wait until loginIcon element is clickable
2019-11-14 20:23:03 INFO  LogLog4j:41 - -- Wait until all events are visible
2019-11-14 20:23:05 INFO  LogLog4j:15 - 
2019-11-14 20:23:05 INFO  LogLog4j:16 - 
2019-11-14 20:23:05 INFO  LogLog4j:17 - *******************************************************************
2019-11-14 20:23:05 INFO  LogLog4j:18 -                    Test Case: singleFilterHolidaysBy, TestData: holiday - Wedding
2019-11-14 20:23:05 INFO  LogLog4j:19 - *******************************************************************
2019-11-14 20:23:05 INFO  LogLog4j:41 - -- HomePageHelper: filterEventsByHoliday(Wedding) was started
2019-11-14 20:23:05 INFO  LogLog4j:41 - -- To wait that select-element (filter by holiday) and all options are loaded 
2019-11-14 20:23:05 INFO  LogLog4j:41 - -- Choose filter by holiday Wedding
2019-11-14 20:23:06 INFO  LogLog4j:41 - -- To wait that clearFilterButton element is clickable
2019-11-14 20:23:07 INFO  LogLog4j:41 - ------ To wait that filter by holiday Weddingis chosen -----
2019-11-14 20:23:07 INFO  LogLog4j:41 - -- To wait that all events are loaded ---
2019-11-14 20:23:07 INFO  LogLog4j:41 - -- HomePageHelper: allEventsBelongToHoliday() was started for holiday-Wedding
2019-11-14 20:23:07 INFO  LogLog4j:41 - -- @AfterMethod-- tearDown() was started
